Requirement already satisfied: colorama in c:\users\user\desktop\nair\logic\models\box\invenv\lib\site-packages (0.4.6)
Requirement already satisfied: tqdm in c:\users\user\desktop\nair\logic\models\box\invenv\lib\site-packages (4.67.1)
Requirement already satisfied: colorama in c:\users\user\desktop\nair\logic\models\box\invenv\lib\site-packages (from tqdm) (0.4.6)
Requirement already satisfied: pytz in c:\users\user\desktop\nair\logic\models\box\invenv\lib\site-packages (2025.1)
Requirement already satisfied: colorama in c:\users\user\desktop\nair\logic\models\box\invenv\lib\site-packages (0.4.6)
Requirement already satisfied: tqdm in c:\users\user\desktop\nair\logic\models\box\invenv\lib\site-packages (4.67.1)
Requirement already satisfied: colorama in c:\users\user\desktop\nair\logic\models\box\invenv\lib\site-packages (from tqdm) (0.4.6)
Requirement already satisfied: pytz in c:\users\user\desktop\nair\logic\models\box\invenv\lib\site-packages (2025.1)
Collecting torch
  Downloading torch-2.6.0-cp311-cp311-win_amd64.whl.metadata (28 kB)
Collecting filelock (from torch)
  Downloading filelock-3.17.0-py3-none-any.whl.metadata (2.9 kB)
Collecting typing-extensions>=4.10.0 (from torch)
  Downloading typing_extensions-4.12.2-py3-none-any.whl.metadata (3.0 kB)
Collecting networkx (from torch)
  Using cached networkx-3.4.2-py3-none-any.whl.metadata (6.3 kB)
Collecting jinja2 (from torch)
  Downloading jinja2-3.1.5-py3-none-any.whl.metadata (2.6 kB)
Collecting fsspec (from torch)
  Downloading fsspec-2025.2.0-py3-none-any.whl.metadata (11 kB)
Collecting sympy==1.13.1 (from torch)
  Using cached sympy-1.13.1-py3-none-any.whl.metadata (12 kB)
Collecting mpmath<1.4,>=1.1.0 (from sympy==1.13.1->torch)
  Using cached mpmath-1.3.0-py3-none-any.whl.metadata (8.6 kB)
Collecting MarkupSafe>=2.0 (from jinja2->torch)
  Using cached MarkupSafe-3.0.2-cp311-cp311-win_amd64.whl.metadata (4.1 kB)
Downloading torch-2.6.0-cp311-cp311-win_amd64.whl (204.2 MB)
   ---------------------------------------- 204.2/204.2 MB 5.5 MB/s eta 0:00:00
Using cached sympy-1.13.1-py3-none-any.whl (6.2 MB)
Downloading typing_extensions-4.12.2-py3-none-any.whl (37 kB)
Downloading filelock-3.17.0-py3-none-any.whl (16 kB)
Downloading fsspec-2025.2.0-py3-none-any.whl (184 kB)
Downloading jinja2-3.1.5-py3-none-any.whl (134 kB)
Using cached networkx-3.4.2-py3-none-any.whl (1.7 MB)
Using cached MarkupSafe-3.0.2-cp311-cp311-win_amd64.whl (15 kB)
Using cached mpmath-1.3.0-py3-none-any.whl (536 kB)
Installing collected packages: mpmath, typing-extensions, sympy, networkx, MarkupSafe, fsspec, filelock, jinja2, torch
Successfully installed MarkupSafe-3.0.2 filelock-3.17.0 fsspec-2025.2.0 jinja2-3.1.5 mpmath-1.3.0 networkx-3.4.2 sympy-1.13.1 torch-2.6.0 typing-extensions-4.12.2
Collecting transformers
  Downloading transformers-4.48.3-py3-none-any.whl.metadata (44 kB)
Requirement already satisfied: filelock in c:\users\user\desktop\nair\logic\models\box\invenv\lib\site-packages (from transformers) (3.17.0)
Collecting huggingface-hub<1.0,>=0.24.0 (from transformers)
  Downloading huggingface_hub-0.28.1-py3-none-any.whl.metadata (13 kB)
Collecting numpy>=1.17 (from transformers)
  Downloading numpy-2.2.3-cp311-cp311-win_amd64.whl.metadata (60 kB)
Collecting packaging>=20.0 (from transformers)
  Downloading packaging-24.2-py3-none-any.whl.metadata (3.2 kB)
Collecting pyyaml>=5.1 (from transformers)
  Downloading PyYAML-6.0.2-cp311-cp311-win_amd64.whl.metadata (2.1 kB)
Collecting regex!=2019.12.17 (from transformers)
  Using cached regex-2024.11.6-cp311-cp311-win_amd64.whl.metadata (41 kB)
Collecting requests (from transformers)
  Downloading requests-2.32.3-py3-none-any.whl.metadata (4.6 kB)
Collecting tokenizers<0.22,>=0.21 (from transformers)
  Downloading tokenizers-0.21.0-cp39-abi3-win_amd64.whl.metadata (6.9 kB)
Collecting safetensors>=0.4.1 (from transformers)
  Downloading safetensors-0.5.2-cp38-abi3-win_amd64.whl.metadata (3.9 kB)
Requirement already satisfied: tqdm>=4.27 in c:\users\user\desktop\nair\logic\models\box\invenv\lib\site-packages (from transformers) (4.67.1)
Requirement already satisfied: fsspec>=2023.5.0 in c:\users\user\desktop\nair\logic\models\box\invenv\lib\site-packages (from huggingface-hub<1.0,>=0.24.0->transformers) (2025.2.0)
Requirement already satisfied: typing-extensions>=3.7.4.3 in c:\users\user\desktop\nair\logic\models\box\invenv\lib\site-packages (from huggingface-hub<1.0,>=0.24.0->transformers) (4.12.2)
Requirement already satisfied: colorama in c:\users\user\desktop\nair\logic\models\box\invenv\lib\site-packages (from tqdm>=4.27->transformers) (0.4.6)
Collecting charset-normalizer<4,>=2 (from requests->transformers)
  Downloading charset_normalizer-3.4.1-cp311-cp311-win_amd64.whl.metadata (36 kB)
Collecting idna<4,>=2.5 (from requests->transformers)
  Downloading idna-3.10-py3-none-any.whl.metadata (10 kB)
Collecting urllib3<3,>=1.21.1 (from requests->transformers)
  Downloading urllib3-2.3.0-py3-none-any.whl.metadata (6.5 kB)
Collecting certifi>=2017.4.17 (from requests->transformers)
  Downloading certifi-2025.1.31-py3-none-any.whl.metadata (2.5 kB)
Downloading transformers-4.48.3-py3-none-any.whl (9.7 MB)
   ---------------------------------------- 9.7/9.7 MB 6.1 MB/s eta 0:00:00
Downloading huggingface_hub-0.28.1-py3-none-any.whl (464 kB)
Downloading numpy-2.2.3-cp311-cp311-win_amd64.whl (12.9 MB)
   ---------------------------------------- 12.9/12.9 MB 5.5 MB/s eta 0:00:00
Downloading packaging-24.2-py3-none-any.whl (65 kB)
Downloading PyYAML-6.0.2-cp311-cp311-win_amd64.whl (161 kB)
Using cached regex-2024.11.6-cp311-cp311-win_amd64.whl (274 kB)
Downloading safetensors-0.5.2-cp38-abi3-win_amd64.whl (303 kB)
Downloading tokenizers-0.21.0-cp39-abi3-win_amd64.whl (2.4 MB)
   ---------------------------------------- 2.4/2.4 MB 5.7 MB/s eta 0:00:00
Downloading requests-2.32.3-py3-none-any.whl (64 kB)
Downloading certifi-2025.1.31-py3-none-any.whl (166 kB)
Downloading charset_normalizer-3.4.1-cp311-cp311-win_amd64.whl (102 kB)
Downloading idna-3.10-py3-none-any.whl (70 kB)
Downloading urllib3-2.3.0-py3-none-any.whl (128 kB)
Installing collected packages: urllib3, safetensors, regex, pyyaml, packaging, numpy, idna, charset-normalizer, certifi, requests, huggingface-hub, tokenizers, transformers
Successfully installed certifi-2025.1.31 charset-normalizer-3.4.1 huggingface-hub-0.28.1 idna-3.10 numpy-2.2.3 packaging-24.2 pyyaml-6.0.2 regex-2024.11.6 requests-2.32.3 safetensors-0.5.2 tokenizers-0.21.0 transformers-4.48.3 urllib3-2.3.0
Collecting sentencepiece
  Downloading sentencepiece-0.2.0-cp311-cp311-win_amd64.whl.metadata (8.3 kB)
Downloading sentencepiece-0.2.0-cp311-cp311-win_amd64.whl (991 kB)
   ---------------------------------------- 991.5/991.5 kB 2.9 MB/s eta 0:00:00
Installing collected packages: sentencepiece
Successfully installed sentencepiece-0.2.0
Collecting accelerate
  Downloading accelerate-1.3.0-py3-none-any.whl.metadata (19 kB)
Requirement already satisfied: numpy<3.0.0,>=1.17 in c:\users\user\desktop\nair\logic\models\box\invenv\lib\site-packages (from accelerate) (2.2.3)
Requirement already satisfied: packaging>=20.0 in c:\users\user\desktop\nair\logic\models\box\invenv\lib\site-packages (from accelerate) (24.2)
Collecting psutil (from accelerate)
  Downloading psutil-7.0.0-cp37-abi3-win_amd64.whl.metadata (23 kB)
Requirement already satisfied: pyyaml in c:\users\user\desktop\nair\logic\models\box\invenv\lib\site-packages (from accelerate) (6.0.2)
Requirement already satisfied: torch>=2.0.0 in c:\users\user\desktop\nair\logic\models\box\invenv\lib\site-packages (from accelerate) (2.6.0)
Requirement already satisfied: huggingface-hub>=0.21.0 in c:\users\user\desktop\nair\logic\models\box\invenv\lib\site-packages (from accelerate) (0.28.1)
Requirement already satisfied: safetensors>=0.4.3 in c:\users\user\desktop\nair\logic\models\box\invenv\lib\site-packages (from accelerate) (0.5.2)
Requirement already satisfied: filelock in c:\users\user\desktop\nair\logic\models\box\invenv\lib\site-packages (from huggingface-hub>=0.21.0->accelerate) (3.17.0)
Requirement already satisfied: fsspec>=2023.5.0 in c:\users\user\desktop\nair\logic\models\box\invenv\lib\site-packages (from huggingface-hub>=0.21.0->accelerate) (2025.2.0)
Requirement already satisfied: requests in c:\users\user\desktop\nair\logic\models\box\invenv\lib\site-packages (from huggingface-hub>=0.21.0->accelerate) (2.32.3)
Requirement already satisfied: tqdm>=4.42.1 in c:\users\user\desktop\nair\logic\models\box\invenv\lib\site-packages (from huggingface-hub>=0.21.0->accelerate) (4.67.1)
Requirement already satisfied: typing-extensions>=3.7.4.3 in c:\users\user\desktop\nair\logic\models\box\invenv\lib\site-packages (from huggingface-hub>=0.21.0->accelerate) (4.12.2)
Requirement already satisfied: networkx in c:\users\user\desktop\nair\logic\models\box\invenv\lib\site-packages (from torch>=2.0.0->accelerate) (3.4.2)
Requirement already satisfied: jinja2 in c:\users\user\desktop\nair\logic\models\box\invenv\lib\site-packages (from torch>=2.0.0->accelerate) (3.1.5)
Requirement already satisfied: sympy==1.13.1 in c:\users\user\desktop\nair\logic\models\box\invenv\lib\site-packages (from torch>=2.0.0->accelerate) (1.13.1)
Requirement already satisfied: mpmath<1.4,>=1.1.0 in c:\users\user\desktop\nair\logic\models\box\invenv\lib\site-packages (from sympy==1.13.1->torch>=2.0.0->accelerate) (1.3.0)
Requirement already satisfied: colorama in c:\users\user\desktop\nair\logic\models\box\invenv\lib\site-packages (from tqdm>=4.42.1->huggingface-hub>=0.21.0->accelerate) (0.4.6)
Requirement already satisfied: MarkupSafe>=2.0 in c:\users\user\desktop\nair\logic\models\box\invenv\lib\site-packages (from jinja2->torch>=2.0.0->accelerate) (3.0.2)
Requirement already satisfied: charset-normalizer<4,>=2 in c:\users\user\desktop\nair\logic\models\box\invenv\lib\site-packages (from requests->huggingface-hub>=0.21.0->accelerate) (3.4.1)
Requirement already satisfied: idna<4,>=2.5 in c:\users\user\desktop\nair\logic\models\box\invenv\lib\site-packages (from requests->huggingface-hub>=0.21.0->accelerate) (3.10)
Requirement already satisfied: urllib3<3,>=1.21.1 in c:\users\user\desktop\nair\logic\models\box\invenv\lib\site-packages (from requests->huggingface-hub>=0.21.0->accelerate) (2.3.0)
Requirement already satisfied: certifi>=2017.4.17 in c:\users\user\desktop\nair\logic\models\box\invenv\lib\site-packages (from requests->huggingface-hub>=0.21.0->accelerate) (2025.1.31)
Downloading accelerate-1.3.0-py3-none-any.whl (336 kB)
Downloading psutil-7.0.0-cp37-abi3-win_amd64.whl (244 kB)
Installing collected packages: psutil, accelerate
Successfully installed accelerate-1.3.0 psutil-7.0.0
Requirement already satisfied: colorama in c:\users\user\desktop\nair\logic\models\box\invenv\lib\site-packages (0.4.6)
Requirement already satisfied: tqdm in c:\users\user\desktop\nair\logic\models\box\invenv\lib\site-packages (4.67.1)
Requirement already satisfied: colorama in c:\users\user\desktop\nair\logic\models\box\invenv\lib\site-packages (from tqdm) (0.4.6)
Requirement already satisfied: pytz in c:\users\user\desktop\nair\logic\models\box\invenv\lib\site-packages (2025.1)
Requirement already satisfied: torch in c:\users\user\desktop\nair\logic\models\box\invenv\lib\site-packages (2.6.0)
Requirement already satisfied: filelock in c:\users\user\desktop\nair\logic\models\box\invenv\lib\site-packages (from torch) (3.17.0)
Requirement already satisfied: typing-extensions>=4.10.0 in c:\users\user\desktop\nair\logic\models\box\invenv\lib\site-packages (from torch) (4.12.2)
Requirement already satisfied: networkx in c:\users\user\desktop\nair\logic\models\box\invenv\lib\site-packages (from torch) (3.4.2)
Requirement already satisfied: jinja2 in c:\users\user\desktop\nair\logic\models\box\invenv\lib\site-packages (from torch) (3.1.5)
Requirement already satisfied: fsspec in c:\users\user\desktop\nair\logic\models\box\invenv\lib\site-packages (from torch) (2025.2.0)
Requirement already satisfied: sympy==1.13.1 in c:\users\user\desktop\nair\logic\models\box\invenv\lib\site-packages (from torch) (1.13.1)
Requirement already satisfied: mpmath<1.4,>=1.1.0 in c:\users\user\desktop\nair\logic\models\box\invenv\lib\site-packages (from sympy==1.13.1->torch) (1.3.0)
Requirement already satisfied: MarkupSafe>=2.0 in c:\users\user\desktop\nair\logic\models\box\invenv\lib\site-packages (from jinja2->torch) (3.0.2)
Requirement already satisfied: transformers in c:\users\user\desktop\nair\logic\models\box\invenv\lib\site-packages (4.48.3)
Requirement already satisfied: filelock in c:\users\user\desktop\nair\logic\models\box\invenv\lib\site-packages (from transformers) (3.17.0)
Requirement already satisfied: huggingface-hub<1.0,>=0.24.0 in c:\users\user\desktop\nair\logic\models\box\invenv\lib\site-packages (from transformers) (0.28.1)
Requirement already satisfied: numpy>=1.17 in c:\users\user\desktop\nair\logic\models\box\invenv\lib\site-packages (from transformers) (2.2.3)
Requirement already satisfied: packaging>=20.0 in c:\users\user\desktop\nair\logic\models\box\invenv\lib\site-packages (from transformers) (24.2)
Requirement already satisfied: pyyaml>=5.1 in c:\users\user\desktop\nair\logic\models\box\invenv\lib\site-packages (from transformers) (6.0.2)
Requirement already satisfied: regex!=2019.12.17 in c:\users\user\desktop\nair\logic\models\box\invenv\lib\site-packages (from transformers) (2024.11.6)
Requirement already satisfied: requests in c:\users\user\desktop\nair\logic\models\box\invenv\lib\site-packages (from transformers) (2.32.3)
Requirement already satisfied: tokenizers<0.22,>=0.21 in c:\users\user\desktop\nair\logic\models\box\invenv\lib\site-packages (from transformers) (0.21.0)
Requirement already satisfied: safetensors>=0.4.1 in c:\users\user\desktop\nair\logic\models\box\invenv\lib\site-packages (from transformers) (0.5.2)
Requirement already satisfied: tqdm>=4.27 in c:\users\user\desktop\nair\logic\models\box\invenv\lib\site-packages (from transformers) (4.67.1)
Requirement already satisfied: fsspec>=2023.5.0 in c:\users\user\desktop\nair\logic\models\box\invenv\lib\site-packages (from huggingface-hub<1.0,>=0.24.0->transformers) (2025.2.0)
Requirement already satisfied: typing-extensions>=3.7.4.3 in c:\users\user\desktop\nair\logic\models\box\invenv\lib\site-packages (from huggingface-hub<1.0,>=0.24.0->transformers) (4.12.2)
Requirement already satisfied: colorama in c:\users\user\desktop\nair\logic\models\box\invenv\lib\site-packages (from tqdm>=4.27->transformers) (0.4.6)
Requirement already satisfied: charset-normalizer<4,>=2 in c:\users\user\desktop\nair\logic\models\box\invenv\lib\site-packages (from requests->transformers) (3.4.1)
Requirement already satisfied: idna<4,>=2.5 in c:\users\user\desktop\nair\logic\models\box\invenv\lib\site-packages (from requests->transformers) (3.10)
Requirement already satisfied: urllib3<3,>=1.21.1 in c:\users\user\desktop\nair\logic\models\box\invenv\lib\site-packages (from requests->transformers) (2.3.0)
Requirement already satisfied: certifi>=2017.4.17 in c:\users\user\desktop\nair\logic\models\box\invenv\lib\site-packages (from requests->transformers) (2025.1.31)
Requirement already satisfied: sentencepiece in c:\users\user\desktop\nair\logic\models\box\invenv\lib\site-packages (0.2.0)
Requirement already satisfied: accelerate in c:\users\user\desktop\nair\logic\models\box\invenv\lib\site-packages (1.3.0)
Requirement already satisfied: numpy<3.0.0,>=1.17 in c:\users\user\desktop\nair\logic\models\box\invenv\lib\site-packages (from accelerate) (2.2.3)
Requirement already satisfied: packaging>=20.0 in c:\users\user\desktop\nair\logic\models\box\invenv\lib\site-packages (from accelerate) (24.2)
Requirement already satisfied: psutil in c:\users\user\desktop\nair\logic\models\box\invenv\lib\site-packages (from accelerate) (7.0.0)
Requirement already satisfied: pyyaml in c:\users\user\desktop\nair\logic\models\box\invenv\lib\site-packages (from accelerate) (6.0.2)
Requirement already satisfied: torch>=2.0.0 in c:\users\user\desktop\nair\logic\models\box\invenv\lib\site-packages (from accelerate) (2.6.0)
Requirement already satisfied: huggingface-hub>=0.21.0 in c:\users\user\desktop\nair\logic\models\box\invenv\lib\site-packages (from accelerate) (0.28.1)
Requirement already satisfied: safetensors>=0.4.3 in c:\users\user\desktop\nair\logic\models\box\invenv\lib\site-packages (from accelerate) (0.5.2)
Requirement already satisfied: filelock in c:\users\user\desktop\nair\logic\models\box\invenv\lib\site-packages (from huggingface-hub>=0.21.0->accelerate) (3.17.0)
Requirement already satisfied: fsspec>=2023.5.0 in c:\users\user\desktop\nair\logic\models\box\invenv\lib\site-packages (from huggingface-hub>=0.21.0->accelerate) (2025.2.0)
Requirement already satisfied: requests in c:\users\user\desktop\nair\logic\models\box\invenv\lib\site-packages (from huggingface-hub>=0.21.0->accelerate) (2.32.3)
Requirement already satisfied: tqdm>=4.42.1 in c:\users\user\desktop\nair\logic\models\box\invenv\lib\site-packages (from huggingface-hub>=0.21.0->accelerate) (4.67.1)
Requirement already satisfied: typing-extensions>=3.7.4.3 in c:\users\user\desktop\nair\logic\models\box\invenv\lib\site-packages (from huggingface-hub>=0.21.0->accelerate) (4.12.2)
Requirement already satisfied: networkx in c:\users\user\desktop\nair\logic\models\box\invenv\lib\site-packages (from torch>=2.0.0->accelerate) (3.4.2)
Requirement already satisfied: jinja2 in c:\users\user\desktop\nair\logic\models\box\invenv\lib\site-packages (from torch>=2.0.0->accelerate) (3.1.5)
Requirement already satisfied: sympy==1.13.1 in c:\users\user\desktop\nair\logic\models\box\invenv\lib\site-packages (from torch>=2.0.0->accelerate) (1.13.1)
Requirement already satisfied: mpmath<1.4,>=1.1.0 in c:\users\user\desktop\nair\logic\models\box\invenv\lib\site-packages (from sympy==1.13.1->torch>=2.0.0->accelerate) (1.3.0)
Requirement already satisfied: colorama in c:\users\user\desktop\nair\logic\models\box\invenv\lib\site-packages (from tqdm>=4.42.1->huggingface-hub>=0.21.0->accelerate) (0.4.6)
Requirement already satisfied: MarkupSafe>=2.0 in c:\users\user\desktop\nair\logic\models\box\invenv\lib\site-packages (from jinja2->torch>=2.0.0->accelerate) (3.0.2)
Requirement already satisfied: charset-normalizer<4,>=2 in c:\users\user\desktop\nair\logic\models\box\invenv\lib\site-packages (from requests->huggingface-hub>=0.21.0->accelerate) (3.4.1)
Requirement already satisfied: idna<4,>=2.5 in c:\users\user\desktop\nair\logic\models\box\invenv\lib\site-packages (from requests->huggingface-hub>=0.21.0->accelerate) (3.10)
Requirement already satisfied: urllib3<3,>=1.21.1 in c:\users\user\desktop\nair\logic\models\box\invenv\lib\site-packages (from requests->huggingface-hub>=0.21.0->accelerate) (2.3.0)
Requirement already satisfied: certifi>=2017.4.17 in c:\users\user\desktop\nair\logic\models\box\invenv\lib\site-packages (from requests->huggingface-hub>=0.21.0->accelerate) (2025.1.31)
Requirement already satisfied: colorama in c:\users\user\desktop\nair\logic\models\box\invenv\lib\site-packages (0.4.6)
Requirement already satisfied: tqdm in c:\users\user\desktop\nair\logic\models\box\invenv\lib\site-packages (4.67.1)
Requirement already satisfied: colorama in c:\users\user\desktop\nair\logic\models\box\invenv\lib\site-packages (from tqdm) (0.4.6)
Requirement already satisfied: pytz in c:\users\user\desktop\nair\logic\models\box\invenv\lib\site-packages (2025.1)
Requirement already satisfied: torch in c:\users\user\desktop\nair\logic\models\box\invenv\lib\site-packages (2.6.0)
Requirement already satisfied: filelock in c:\users\user\desktop\nair\logic\models\box\invenv\lib\site-packages (from torch) (3.17.0)
Requirement already satisfied: typing-extensions>=4.10.0 in c:\users\user\desktop\nair\logic\models\box\invenv\lib\site-packages (from torch) (4.12.2)
Requirement already satisfied: networkx in c:\users\user\desktop\nair\logic\models\box\invenv\lib\site-packages (from torch) (3.4.2)
Requirement already satisfied: jinja2 in c:\users\user\desktop\nair\logic\models\box\invenv\lib\site-packages (from torch) (3.1.5)
Requirement already satisfied: fsspec in c:\users\user\desktop\nair\logic\models\box\invenv\lib\site-packages (from torch) (2025.2.0)
Requirement already satisfied: sympy==1.13.1 in c:\users\user\desktop\nair\logic\models\box\invenv\lib\site-packages (from torch) (1.13.1)
Requirement already satisfied: mpmath<1.4,>=1.1.0 in c:\users\user\desktop\nair\logic\models\box\invenv\lib\site-packages (from sympy==1.13.1->torch) (1.3.0)
Requirement already satisfied: MarkupSafe>=2.0 in c:\users\user\desktop\nair\logic\models\box\invenv\lib\site-packages (from jinja2->torch) (3.0.2)
Requirement already satisfied: transformers in c:\users\user\desktop\nair\logic\models\box\invenv\lib\site-packages (4.48.3)
Requirement already satisfied: filelock in c:\users\user\desktop\nair\logic\models\box\invenv\lib\site-packages (from transformers) (3.17.0)
Requirement already satisfied: huggingface-hub<1.0,>=0.24.0 in c:\users\user\desktop\nair\logic\models\box\invenv\lib\site-packages (from transformers) (0.28.1)
Requirement already satisfied: numpy>=1.17 in c:\users\user\desktop\nair\logic\models\box\invenv\lib\site-packages (from transformers) (2.2.3)
Requirement already satisfied: packaging>=20.0 in c:\users\user\desktop\nair\logic\models\box\invenv\lib\site-packages (from transformers) (24.2)
Requirement already satisfied: pyyaml>=5.1 in c:\users\user\desktop\nair\logic\models\box\invenv\lib\site-packages (from transformers) (6.0.2)
Requirement already satisfied: regex!=2019.12.17 in c:\users\user\desktop\nair\logic\models\box\invenv\lib\site-packages (from transformers) (2024.11.6)
Requirement already satisfied: requests in c:\users\user\desktop\nair\logic\models\box\invenv\lib\site-packages (from transformers) (2.32.3)
Requirement already satisfied: tokenizers<0.22,>=0.21 in c:\users\user\desktop\nair\logic\models\box\invenv\lib\site-packages (from transformers) (0.21.0)
Requirement already satisfied: safetensors>=0.4.1 in c:\users\user\desktop\nair\logic\models\box\invenv\lib\site-packages (from transformers) (0.5.2)
Requirement already satisfied: tqdm>=4.27 in c:\users\user\desktop\nair\logic\models\box\invenv\lib\site-packages (from transformers) (4.67.1)
Requirement already satisfied: fsspec>=2023.5.0 in c:\users\user\desktop\nair\logic\models\box\invenv\lib\site-packages (from huggingface-hub<1.0,>=0.24.0->transformers) (2025.2.0)
Requirement already satisfied: typing-extensions>=3.7.4.3 in c:\users\user\desktop\nair\logic\models\box\invenv\lib\site-packages (from huggingface-hub<1.0,>=0.24.0->transformers) (4.12.2)
Requirement already satisfied: colorama in c:\users\user\desktop\nair\logic\models\box\invenv\lib\site-packages (from tqdm>=4.27->transformers) (0.4.6)
Requirement already satisfied: charset-normalizer<4,>=2 in c:\users\user\desktop\nair\logic\models\box\invenv\lib\site-packages (from requests->transformers) (3.4.1)
Requirement already satisfied: idna<4,>=2.5 in c:\users\user\desktop\nair\logic\models\box\invenv\lib\site-packages (from requests->transformers) (3.10)
Requirement already satisfied: urllib3<3,>=1.21.1 in c:\users\user\desktop\nair\logic\models\box\invenv\lib\site-packages (from requests->transformers) (2.3.0)
Requirement already satisfied: certifi>=2017.4.17 in c:\users\user\desktop\nair\logic\models\box\invenv\lib\site-packages (from requests->transformers) (2025.1.31)
Requirement already satisfied: sentencepiece in c:\users\user\desktop\nair\logic\models\box\invenv\lib\site-packages (0.2.0)
Requirement already satisfied: accelerate in c:\users\user\desktop\nair\logic\models\box\invenv\lib\site-packages (1.3.0)
Requirement already satisfied: numpy<3.0.0,>=1.17 in c:\users\user\desktop\nair\logic\models\box\invenv\lib\site-packages (from accelerate) (2.2.3)
Requirement already satisfied: packaging>=20.0 in c:\users\user\desktop\nair\logic\models\box\invenv\lib\site-packages (from accelerate) (24.2)
Requirement already satisfied: psutil in c:\users\user\desktop\nair\logic\models\box\invenv\lib\site-packages (from accelerate) (7.0.0)
Requirement already satisfied: pyyaml in c:\users\user\desktop\nair\logic\models\box\invenv\lib\site-packages (from accelerate) (6.0.2)
Requirement already satisfied: torch>=2.0.0 in c:\users\user\desktop\nair\logic\models\box\invenv\lib\site-packages (from accelerate) (2.6.0)
Requirement already satisfied: huggingface-hub>=0.21.0 in c:\users\user\desktop\nair\logic\models\box\invenv\lib\site-packages (from accelerate) (0.28.1)
Requirement already satisfied: safetensors>=0.4.3 in c:\users\user\desktop\nair\logic\models\box\invenv\lib\site-packages (from accelerate) (0.5.2)
Requirement already satisfied: filelock in c:\users\user\desktop\nair\logic\models\box\invenv\lib\site-packages (from huggingface-hub>=0.21.0->accelerate) (3.17.0)
Requirement already satisfied: fsspec>=2023.5.0 in c:\users\user\desktop\nair\logic\models\box\invenv\lib\site-packages (from huggingface-hub>=0.21.0->accelerate) (2025.2.0)
Requirement already satisfied: requests in c:\users\user\desktop\nair\logic\models\box\invenv\lib\site-packages (from huggingface-hub>=0.21.0->accelerate) (2.32.3)
Requirement already satisfied: tqdm>=4.42.1 in c:\users\user\desktop\nair\logic\models\box\invenv\lib\site-packages (from huggingface-hub>=0.21.0->accelerate) (4.67.1)
Requirement already satisfied: typing-extensions>=3.7.4.3 in c:\users\user\desktop\nair\logic\models\box\invenv\lib\site-packages (from huggingface-hub>=0.21.0->accelerate) (4.12.2)
Requirement already satisfied: networkx in c:\users\user\desktop\nair\logic\models\box\invenv\lib\site-packages (from torch>=2.0.0->accelerate) (3.4.2)
Requirement already satisfied: jinja2 in c:\users\user\desktop\nair\logic\models\box\invenv\lib\site-packages (from torch>=2.0.0->accelerate) (3.1.5)
Requirement already satisfied: sympy==1.13.1 in c:\users\user\desktop\nair\logic\models\box\invenv\lib\site-packages (from torch>=2.0.0->accelerate) (1.13.1)
Requirement already satisfied: mpmath<1.4,>=1.1.0 in c:\users\user\desktop\nair\logic\models\box\invenv\lib\site-packages (from sympy==1.13.1->torch>=2.0.0->accelerate) (1.3.0)
Requirement already satisfied: colorama in c:\users\user\desktop\nair\logic\models\box\invenv\lib\site-packages (from tqdm>=4.42.1->huggingface-hub>=0.21.0->accelerate) (0.4.6)
Requirement already satisfied: MarkupSafe>=2.0 in c:\users\user\desktop\nair\logic\models\box\invenv\lib\site-packages (from jinja2->torch>=2.0.0->accelerate) (3.0.2)
Requirement already satisfied: charset-normalizer<4,>=2 in c:\users\user\desktop\nair\logic\models\box\invenv\lib\site-packages (from requests->huggingface-hub>=0.21.0->accelerate) (3.4.1)
Requirement already satisfied: idna<4,>=2.5 in c:\users\user\desktop\nair\logic\models\box\invenv\lib\site-packages (from requests->huggingface-hub>=0.21.0->accelerate) (3.10)
Requirement already satisfied: urllib3<3,>=1.21.1 in c:\users\user\desktop\nair\logic\models\box\invenv\lib\site-packages (from requests->huggingface-hub>=0.21.0->accelerate) (2.3.0)
Requirement already satisfied: certifi>=2017.4.17 in c:\users\user\desktop\nair\logic\models\box\invenv\lib\site-packages (from requests->huggingface-hub>=0.21.0->accelerate) (2025.1.31)
Requirement already satisfied: colorama in c:\users\user\desktop\nair\logic\models\box\invenv\lib\site-packages (0.4.6)
Requirement already satisfied: tqdm in c:\users\user\desktop\nair\logic\models\box\invenv\lib\site-packages (4.67.1)
Requirement already satisfied: colorama in c:\users\user\desktop\nair\logic\models\box\invenv\lib\site-packages (from tqdm) (0.4.6)
Requirement already satisfied: pytz in c:\users\user\desktop\nair\logic\models\box\invenv\lib\site-packages (2025.1)
Requirement already satisfied: torch in c:\users\user\desktop\nair\logic\models\box\invenv\lib\site-packages (2.6.0)
Requirement already satisfied: filelock in c:\users\user\desktop\nair\logic\models\box\invenv\lib\site-packages (from torch) (3.17.0)
Requirement already satisfied: typing-extensions>=4.10.0 in c:\users\user\desktop\nair\logic\models\box\invenv\lib\site-packages (from torch) (4.12.2)
Requirement already satisfied: networkx in c:\users\user\desktop\nair\logic\models\box\invenv\lib\site-packages (from torch) (3.4.2)
Requirement already satisfied: jinja2 in c:\users\user\desktop\nair\logic\models\box\invenv\lib\site-packages (from torch) (3.1.5)
Requirement already satisfied: fsspec in c:\users\user\desktop\nair\logic\models\box\invenv\lib\site-packages (from torch) (2025.2.0)
Requirement already satisfied: sympy==1.13.1 in c:\users\user\desktop\nair\logic\models\box\invenv\lib\site-packages (from torch) (1.13.1)
Requirement already satisfied: mpmath<1.4,>=1.1.0 in c:\users\user\desktop\nair\logic\models\box\invenv\lib\site-packages (from sympy==1.13.1->torch) (1.3.0)
Requirement already satisfied: MarkupSafe>=2.0 in c:\users\user\desktop\nair\logic\models\box\invenv\lib\site-packages (from jinja2->torch) (3.0.2)
Requirement already satisfied: transformers in c:\users\user\desktop\nair\logic\models\box\invenv\lib\site-packages (4.48.3)
Requirement already satisfied: filelock in c:\users\user\desktop\nair\logic\models\box\invenv\lib\site-packages (from transformers) (3.17.0)
Requirement already satisfied: huggingface-hub<1.0,>=0.24.0 in c:\users\user\desktop\nair\logic\models\box\invenv\lib\site-packages (from transformers) (0.28.1)
Requirement already satisfied: numpy>=1.17 in c:\users\user\desktop\nair\logic\models\box\invenv\lib\site-packages (from transformers) (2.2.3)
Requirement already satisfied: packaging>=20.0 in c:\users\user\desktop\nair\logic\models\box\invenv\lib\site-packages (from transformers) (24.2)
Requirement already satisfied: pyyaml>=5.1 in c:\users\user\desktop\nair\logic\models\box\invenv\lib\site-packages (from transformers) (6.0.2)
Requirement already satisfied: regex!=2019.12.17 in c:\users\user\desktop\nair\logic\models\box\invenv\lib\site-packages (from transformers) (2024.11.6)
Requirement already satisfied: requests in c:\users\user\desktop\nair\logic\models\box\invenv\lib\site-packages (from transformers) (2.32.3)
Requirement already satisfied: tokenizers<0.22,>=0.21 in c:\users\user\desktop\nair\logic\models\box\invenv\lib\site-packages (from transformers) (0.21.0)
Requirement already satisfied: safetensors>=0.4.1 in c:\users\user\desktop\nair\logic\models\box\invenv\lib\site-packages (from transformers) (0.5.2)
Requirement already satisfied: tqdm>=4.27 in c:\users\user\desktop\nair\logic\models\box\invenv\lib\site-packages (from transformers) (4.67.1)
Requirement already satisfied: fsspec>=2023.5.0 in c:\users\user\desktop\nair\logic\models\box\invenv\lib\site-packages (from huggingface-hub<1.0,>=0.24.0->transformers) (2025.2.0)
Requirement already satisfied: typing-extensions>=3.7.4.3 in c:\users\user\desktop\nair\logic\models\box\invenv\lib\site-packages (from huggingface-hub<1.0,>=0.24.0->transformers) (4.12.2)
Requirement already satisfied: colorama in c:\users\user\desktop\nair\logic\models\box\invenv\lib\site-packages (from tqdm>=4.27->transformers) (0.4.6)
Requirement already satisfied: charset-normalizer<4,>=2 in c:\users\user\desktop\nair\logic\models\box\invenv\lib\site-packages (from requests->transformers) (3.4.1)
Requirement already satisfied: idna<4,>=2.5 in c:\users\user\desktop\nair\logic\models\box\invenv\lib\site-packages (from requests->transformers) (3.10)
Requirement already satisfied: urllib3<3,>=1.21.1 in c:\users\user\desktop\nair\logic\models\box\invenv\lib\site-packages (from requests->transformers) (2.3.0)
Requirement already satisfied: certifi>=2017.4.17 in c:\users\user\desktop\nair\logic\models\box\invenv\lib\site-packages (from requests->transformers) (2025.1.31)
Requirement already satisfied: sentencepiece in c:\users\user\desktop\nair\logic\models\box\invenv\lib\site-packages (0.2.0)
Requirement already satisfied: accelerate in c:\users\user\desktop\nair\logic\models\box\invenv\lib\site-packages (1.3.0)
Requirement already satisfied: numpy<3.0.0,>=1.17 in c:\users\user\desktop\nair\logic\models\box\invenv\lib\site-packages (from accelerate) (2.2.3)
Requirement already satisfied: packaging>=20.0 in c:\users\user\desktop\nair\logic\models\box\invenv\lib\site-packages (from accelerate) (24.2)
Requirement already satisfied: psutil in c:\users\user\desktop\nair\logic\models\box\invenv\lib\site-packages (from accelerate) (7.0.0)
Requirement already satisfied: pyyaml in c:\users\user\desktop\nair\logic\models\box\invenv\lib\site-packages (from accelerate) (6.0.2)
Requirement already satisfied: torch>=2.0.0 in c:\users\user\desktop\nair\logic\models\box\invenv\lib\site-packages (from accelerate) (2.6.0)
Requirement already satisfied: huggingface-hub>=0.21.0 in c:\users\user\desktop\nair\logic\models\box\invenv\lib\site-packages (from accelerate) (0.28.1)
Requirement already satisfied: safetensors>=0.4.3 in c:\users\user\desktop\nair\logic\models\box\invenv\lib\site-packages (from accelerate) (0.5.2)
Requirement already satisfied: filelock in c:\users\user\desktop\nair\logic\models\box\invenv\lib\site-packages (from huggingface-hub>=0.21.0->accelerate) (3.17.0)
Requirement already satisfied: fsspec>=2023.5.0 in c:\users\user\desktop\nair\logic\models\box\invenv\lib\site-packages (from huggingface-hub>=0.21.0->accelerate) (2025.2.0)
Requirement already satisfied: requests in c:\users\user\desktop\nair\logic\models\box\invenv\lib\site-packages (from huggingface-hub>=0.21.0->accelerate) (2.32.3)
Requirement already satisfied: tqdm>=4.42.1 in c:\users\user\desktop\nair\logic\models\box\invenv\lib\site-packages (from huggingface-hub>=0.21.0->accelerate) (4.67.1)
Requirement already satisfied: typing-extensions>=3.7.4.3 in c:\users\user\desktop\nair\logic\models\box\invenv\lib\site-packages (from huggingface-hub>=0.21.0->accelerate) (4.12.2)
Requirement already satisfied: networkx in c:\users\user\desktop\nair\logic\models\box\invenv\lib\site-packages (from torch>=2.0.0->accelerate) (3.4.2)
Requirement already satisfied: jinja2 in c:\users\user\desktop\nair\logic\models\box\invenv\lib\site-packages (from torch>=2.0.0->accelerate) (3.1.5)
Requirement already satisfied: sympy==1.13.1 in c:\users\user\desktop\nair\logic\models\box\invenv\lib\site-packages (from torch>=2.0.0->accelerate) (1.13.1)
Requirement already satisfied: mpmath<1.4,>=1.1.0 in c:\users\user\desktop\nair\logic\models\box\invenv\lib\site-packages (from sympy==1.13.1->torch>=2.0.0->accelerate) (1.3.0)
Requirement already satisfied: colorama in c:\users\user\desktop\nair\logic\models\box\invenv\lib\site-packages (from tqdm>=4.42.1->huggingface-hub>=0.21.0->accelerate) (0.4.6)
Requirement already satisfied: MarkupSafe>=2.0 in c:\users\user\desktop\nair\logic\models\box\invenv\lib\site-packages (from jinja2->torch>=2.0.0->accelerate) (3.0.2)
Requirement already satisfied: charset-normalizer<4,>=2 in c:\users\user\desktop\nair\logic\models\box\invenv\lib\site-packages (from requests->huggingface-hub>=0.21.0->accelerate) (3.4.1)
Requirement already satisfied: idna<4,>=2.5 in c:\users\user\desktop\nair\logic\models\box\invenv\lib\site-packages (from requests->huggingface-hub>=0.21.0->accelerate) (3.10)
Requirement already satisfied: urllib3<3,>=1.21.1 in c:\users\user\desktop\nair\logic\models\box\invenv\lib\site-packages (from requests->huggingface-hub>=0.21.0->accelerate) (2.3.0)
Requirement already satisfied: certifi>=2017.4.17 in c:\users\user\desktop\nair\logic\models\box\invenv\lib\site-packages (from requests->huggingface-hub>=0.21.0->accelerate) (2025.1.31)
Requirement already satisfied: colorama in c:\users\user\desktop\nair\logic\models\box\invenv\lib\site-packages (0.4.6)
Requirement already satisfied: tqdm in c:\users\user\desktop\nair\logic\models\box\invenv\lib\site-packages (4.67.1)
Requirement already satisfied: colorama in c:\users\user\desktop\nair\logic\models\box\invenv\lib\site-packages (from tqdm) (0.4.6)
Requirement already satisfied: pytz in c:\users\user\desktop\nair\logic\models\box\invenv\lib\site-packages (2025.1)
Requirement already satisfied: torch in c:\users\user\desktop\nair\logic\models\box\invenv\lib\site-packages (2.6.0)
Requirement already satisfied: filelock in c:\users\user\desktop\nair\logic\models\box\invenv\lib\site-packages (from torch) (3.17.0)
Requirement already satisfied: typing-extensions>=4.10.0 in c:\users\user\desktop\nair\logic\models\box\invenv\lib\site-packages (from torch) (4.12.2)
Requirement already satisfied: networkx in c:\users\user\desktop\nair\logic\models\box\invenv\lib\site-packages (from torch) (3.4.2)
Requirement already satisfied: jinja2 in c:\users\user\desktop\nair\logic\models\box\invenv\lib\site-packages (from torch) (3.1.5)
Requirement already satisfied: fsspec in c:\users\user\desktop\nair\logic\models\box\invenv\lib\site-packages (from torch) (2025.2.0)
Requirement already satisfied: sympy==1.13.1 in c:\users\user\desktop\nair\logic\models\box\invenv\lib\site-packages (from torch) (1.13.1)
Requirement already satisfied: mpmath<1.4,>=1.1.0 in c:\users\user\desktop\nair\logic\models\box\invenv\lib\site-packages (from sympy==1.13.1->torch) (1.3.0)
Requirement already satisfied: MarkupSafe>=2.0 in c:\users\user\desktop\nair\logic\models\box\invenv\lib\site-packages (from jinja2->torch) (3.0.2)
Requirement already satisfied: transformers in c:\users\user\desktop\nair\logic\models\box\invenv\lib\site-packages (4.48.3)
Requirement already satisfied: filelock in c:\users\user\desktop\nair\logic\models\box\invenv\lib\site-packages (from transformers) (3.17.0)
Requirement already satisfied: huggingface-hub<1.0,>=0.24.0 in c:\users\user\desktop\nair\logic\models\box\invenv\lib\site-packages (from transformers) (0.28.1)
Requirement already satisfied: numpy>=1.17 in c:\users\user\desktop\nair\logic\models\box\invenv\lib\site-packages (from transformers) (2.2.3)
Requirement already satisfied: packaging>=20.0 in c:\users\user\desktop\nair\logic\models\box\invenv\lib\site-packages (from transformers) (24.2)
Requirement already satisfied: pyyaml>=5.1 in c:\users\user\desktop\nair\logic\models\box\invenv\lib\site-packages (from transformers) (6.0.2)
Requirement already satisfied: regex!=2019.12.17 in c:\users\user\desktop\nair\logic\models\box\invenv\lib\site-packages (from transformers) (2024.11.6)
Requirement already satisfied: requests in c:\users\user\desktop\nair\logic\models\box\invenv\lib\site-packages (from transformers) (2.32.3)
Requirement already satisfied: tokenizers<0.22,>=0.21 in c:\users\user\desktop\nair\logic\models\box\invenv\lib\site-packages (from transformers) (0.21.0)
Requirement already satisfied: safetensors>=0.4.1 in c:\users\user\desktop\nair\logic\models\box\invenv\lib\site-packages (from transformers) (0.5.2)
Requirement already satisfied: tqdm>=4.27 in c:\users\user\desktop\nair\logic\models\box\invenv\lib\site-packages (from transformers) (4.67.1)
Requirement already satisfied: fsspec>=2023.5.0 in c:\users\user\desktop\nair\logic\models\box\invenv\lib\site-packages (from huggingface-hub<1.0,>=0.24.0->transformers) (2025.2.0)
Requirement already satisfied: typing-extensions>=3.7.4.3 in c:\users\user\desktop\nair\logic\models\box\invenv\lib\site-packages (from huggingface-hub<1.0,>=0.24.0->transformers) (4.12.2)
Requirement already satisfied: colorama in c:\users\user\desktop\nair\logic\models\box\invenv\lib\site-packages (from tqdm>=4.27->transformers) (0.4.6)
Requirement already satisfied: charset-normalizer<4,>=2 in c:\users\user\desktop\nair\logic\models\box\invenv\lib\site-packages (from requests->transformers) (3.4.1)
Requirement already satisfied: idna<4,>=2.5 in c:\users\user\desktop\nair\logic\models\box\invenv\lib\site-packages (from requests->transformers) (3.10)
Requirement already satisfied: urllib3<3,>=1.21.1 in c:\users\user\desktop\nair\logic\models\box\invenv\lib\site-packages (from requests->transformers) (2.3.0)
Requirement already satisfied: certifi>=2017.4.17 in c:\users\user\desktop\nair\logic\models\box\invenv\lib\site-packages (from requests->transformers) (2025.1.31)
Requirement already satisfied: sentencepiece in c:\users\user\desktop\nair\logic\models\box\invenv\lib\site-packages (0.2.0)
Requirement already satisfied: accelerate in c:\users\user\desktop\nair\logic\models\box\invenv\lib\site-packages (1.3.0)
Requirement already satisfied: numpy<3.0.0,>=1.17 in c:\users\user\desktop\nair\logic\models\box\invenv\lib\site-packages (from accelerate) (2.2.3)
Requirement already satisfied: packaging>=20.0 in c:\users\user\desktop\nair\logic\models\box\invenv\lib\site-packages (from accelerate) (24.2)
Requirement already satisfied: psutil in c:\users\user\desktop\nair\logic\models\box\invenv\lib\site-packages (from accelerate) (7.0.0)
Requirement already satisfied: pyyaml in c:\users\user\desktop\nair\logic\models\box\invenv\lib\site-packages (from accelerate) (6.0.2)
Requirement already satisfied: torch>=2.0.0 in c:\users\user\desktop\nair\logic\models\box\invenv\lib\site-packages (from accelerate) (2.6.0)
Requirement already satisfied: huggingface-hub>=0.21.0 in c:\users\user\desktop\nair\logic\models\box\invenv\lib\site-packages (from accelerate) (0.28.1)
Requirement already satisfied: safetensors>=0.4.3 in c:\users\user\desktop\nair\logic\models\box\invenv\lib\site-packages (from accelerate) (0.5.2)
Requirement already satisfied: filelock in c:\users\user\desktop\nair\logic\models\box\invenv\lib\site-packages (from huggingface-hub>=0.21.0->accelerate) (3.17.0)
Requirement already satisfied: fsspec>=2023.5.0 in c:\users\user\desktop\nair\logic\models\box\invenv\lib\site-packages (from huggingface-hub>=0.21.0->accelerate) (2025.2.0)
Requirement already satisfied: requests in c:\users\user\desktop\nair\logic\models\box\invenv\lib\site-packages (from huggingface-hub>=0.21.0->accelerate) (2.32.3)
Requirement already satisfied: tqdm>=4.42.1 in c:\users\user\desktop\nair\logic\models\box\invenv\lib\site-packages (from huggingface-hub>=0.21.0->accelerate) (4.67.1)
Requirement already satisfied: typing-extensions>=3.7.4.3 in c:\users\user\desktop\nair\logic\models\box\invenv\lib\site-packages (from huggingface-hub>=0.21.0->accelerate) (4.12.2)
Requirement already satisfied: networkx in c:\users\user\desktop\nair\logic\models\box\invenv\lib\site-packages (from torch>=2.0.0->accelerate) (3.4.2)
Requirement already satisfied: jinja2 in c:\users\user\desktop\nair\logic\models\box\invenv\lib\site-packages (from torch>=2.0.0->accelerate) (3.1.5)
Requirement already satisfied: sympy==1.13.1 in c:\users\user\desktop\nair\logic\models\box\invenv\lib\site-packages (from torch>=2.0.0->accelerate) (1.13.1)
Requirement already satisfied: mpmath<1.4,>=1.1.0 in c:\users\user\desktop\nair\logic\models\box\invenv\lib\site-packages (from sympy==1.13.1->torch>=2.0.0->accelerate) (1.3.0)
Requirement already satisfied: colorama in c:\users\user\desktop\nair\logic\models\box\invenv\lib\site-packages (from tqdm>=4.42.1->huggingface-hub>=0.21.0->accelerate) (0.4.6)
Requirement already satisfied: MarkupSafe>=2.0 in c:\users\user\desktop\nair\logic\models\box\invenv\lib\site-packages (from jinja2->torch>=2.0.0->accelerate) (3.0.2)
Requirement already satisfied: charset-normalizer<4,>=2 in c:\users\user\desktop\nair\logic\models\box\invenv\lib\site-packages (from requests->huggingface-hub>=0.21.0->accelerate) (3.4.1)
Requirement already satisfied: idna<4,>=2.5 in c:\users\user\desktop\nair\logic\models\box\invenv\lib\site-packages (from requests->huggingface-hub>=0.21.0->accelerate) (3.10)
Requirement already satisfied: urllib3<3,>=1.21.1 in c:\users\user\desktop\nair\logic\models\box\invenv\lib\site-packages (from requests->huggingface-hub>=0.21.0->accelerate) (2.3.0)
Requirement already satisfied: certifi>=2017.4.17 in c:\users\user\desktop\nair\logic\models\box\invenv\lib\site-packages (from requests->huggingface-hub>=0.21.0->accelerate) (2025.1.31)
